INFO: [VRFC 10-2263] Analyzing Verilog file "F:/Project/FPAG/Project_18.3/video_scaler/video_scaler.srcs/sources_1/hdmi_tx/asyn_rst_syn.v" into library xil_defaultlib
INFO: [VRFC 10-311] analyzing module asyn_rst_syn
INFO: [VRFC 10-2263] Analyzing Verilog file "F:/Project/FPAG/Project_18.3/video_scaler/video_scaler.srcs/sources_1/color_bar.v" into library xil_defaultlib
INFO: [VRFC 10-311] analyzing module color_bar
INFO: [VRFC 10-2263] Analyzing Verilog file "F:/Project/FPAG/Project_18.3/video_scaler/video_scaler.srcs/sources_1/hdmi_tx/dvi_encoder.v" into library xil_defaultlib
INFO: [VRFC 10-311] analyzing module dvi_encoder
INFO: [VRFC 10-2263] Analyzing Verilog file "F:/Project/FPAG/Project_18.3/video_scaler/video_scaler.srcs/sources_1/hdmi_tx/dvi_transmitter_top.v" into library xil_defaultlib
INFO: [VRFC 10-311] analyzing module dvi_transmitter_top
INFO: [VRFC 10-2263] Analyzing Verilog file "F:/Project/FPAG/Project_18.3/video_scaler/video_scaler.srcs/sources_1/fifo.v" into library xil_defaultlib
INFO: [VRFC 10-311] analyzing module fifo
INFO: [VRFC 10-2263] Analyzing Verilog file "F:/Project/FPAG/Project_18.3/video_scaler/video_scaler.srcs/sources_1/fifo2.v" into library xil_defaultlib
INFO: [VRFC 10-311] analyzing module fifo2
INFO: [VRFC 10-2263] Analyzing Verilog file "F:/Project/FPAG/Project_18.3/video_scaler/video_scaler.srcs/sources_1/image_cut.v" into library xil_defaultlib
INFO: [VRFC 10-311] analyzing module image_cut
INFO: [VRFC 10-2263] Analyzing Verilog file "F:/Project/FPAG/Project_18.3/video_scaler/video_scaler.srcs/sources_1/algorithm/ramDualPort.v" into library xil_defaultlib
INFO: [VRFC 10-311] analyzing module ramDualPort
INFO: [VRFC 10-2263] Analyzing Verilog file "F:/Project/FPAG/Project_18.3/video_scaler/video_scaler.srcs/sources_1/algorithm/ramFifo.v" into library xil_defaultlib
INFO: [VRFC 10-311] analyzing module ramFifo
INFO: [VRFC 10-2263] Analyzing Verilog file "F:/Project/FPAG/Project_18.3/video_scaler/video_scaler.srcs/sources_1/read_image.v" into library xil_defaultlib
INFO: [VRFC 10-311] analyzing module read_image
INFO: [VRFC 10-2263] Analyzing Verilog file "F:/Project/FPAG/Project_18.3/video_scaler/video_scaler.srcs/sources_1/algorithm/streamScaler.v" into library xil_defaultlib
INFO: [VRFC 10-311] analyzing module streamScaler
INFO: [VRFC 10-2263] Analyzing Verilog file "F:/Project/FPAG/Project_18.3/video_scaler/video_scaler.srcs/sources_1/up.v" into library xil_defaultlib
INFO: [VRFC 10-311] analyzing module up
INFO: [VRFC 10-2263] Analyzing Verilog file "F:/Project/FPAG/Project_18.3/video_scaler/video_scaler.sim/sim_1/behav/xsim/glbl.v" into library xil_defaultlib
INFO: [VRFC 10-311] analyzing module glbl
